This is pdfTeX, Version 3.1415926-2.3-1.40.12 (MiKTeX 2.9) (preloaded format=pdflatex 2012.2.17)  11 MAY 2015 10:54
entering extended mode
**output.tex
("C:\Users\Felienne\Dropbox\TU Delft\Papers\2015\LiveSpreadsheets\output.tex"
LaTeX2e <2011/06/27>
Babel <v3.8m> and hyphenation patterns for english, afrikaans, ancientgreek, ar
abic, armenian, assamese, basque, bengali, bokmal, bulgarian, catalan, coptic, 
croatian, czech, danish, dutch, esperanto, estonian, farsi, finnish, french, ga
lician, german, german-x-2009-06-19, greek, gujarati, hindi, hungarian, iceland
ic, indonesian, interlingua, irish, italian, kannada, kurmanji, lao, latin, lat
vian, lithuanian, malayalam, marathi, mongolian, mongolianlmc, monogreek, ngerm
an, ngerman-x-2009-06-19, nynorsk, oriya, panjabi, pinyin, polish, portuguese, 
romanian, russian, sanskrit, serbian, slovak, slovenian, spanish, swedish, swis
sgerman, tamil, telugu, turkish, turkmen, ukenglish, ukrainian, uppersorbian, u
senglishmax, welsh, loaded.
("C:\Program Files (x86)\MiKTeX 2.9\tex\latex\base\article.cls"
Document Class: article 2007/10/19 v1.4h Standard LaTeX document class
("C:\Program Files (x86)\MiKTeX 2.9\tex\latex\base\size11.clo"
File: size11.clo 2007/10/19 v1.4h Standard LaTeX file (size option)
)
\c@part=\count79
\c@section=\count80
\c@subsection=\count81
\c@subsubsection=\count82
\c@paragraph=\count83
\c@subparagraph=\count84
\c@figure=\count85
\c@table=\count86
\abovecaptionskip=\skip41
\belowcaptionskip=\skip42
\bibindent=\dimen102
)
("C:\Program Files (x86)\MiKTeX 2.9\tex\latex\psnfss\mathpazo.sty"
Package: mathpazo 2005/04/12 PSNFSS-v9.2a Palatino w/ Pazo Math (D.Puga, WaS) 
\symupright=\mathgroup4
)
(C:\Users\Felienne\AppData\Roaming\MiKTeX\2.9\tex\latex\mathabx\mathabx.sty
Package: mathabx 2003/07/29 v0.0 Non-standard LaTeX package mathabx
\symmatha=\mathgroup5
\symmathb=\mathgroup6
\symmathx=\mathgroup7

(C:\Users\Felienne\AppData\Roaming\MiKTeX\2.9\tex\generic\mathabx\mathabx.dcl
LaTeX Font Info:    Redeclaring math symbol \cdotp on input line 25.
LaTeX Font Info:    Redeclaring math symbol \times on input line 33.
LaTeX Font Info:    Redeclaring math symbol \div on input line 34.
LaTeX Font Info:    Redeclaring math symbol \cdot on input line 35.
LaTeX Font Info:    Redeclaring math symbol \circ on input line 36.
LaTeX Font Info:    Redeclaring math symbol \ast on input line 38.
LaTeX Font Info:    Redeclaring math symbol \pm on input line 41.
LaTeX Font Info:    Redeclaring math symbol \mp on input line 42.
LaTeX Font Info:    Redeclaring math symbol \diamond on input line 45.
LaTeX Font Info:    Redeclaring math symbol \bullet on input line 46.
LaTeX Font Info:    Redeclaring math symbol \star on input line 47.
LaTeX Font Info:    Redeclaring math symbol \amalg on input line 51.
LaTeX Font Info:    Redeclaring math symbol \equiv on input line 83.
LaTeX Font Info:    Redeclaring math symbol \sim on input line 84.
LaTeX Font Info:    Redeclaring math symbol \approx on input line 85.
LaTeX Font Info:    Redeclaring math symbol \simeq on input line 86.
LaTeX Font Info:    Redeclaring math symbol \asymp on input line 89.
LaTeX Font Info:    Redeclaring math symbol \neg on input line 134.
LaTeX Font Info:    Redeclaring math symbol \ll on input line 136.
LaTeX Font Info:    Redeclaring math symbol \gg on input line 137.
LaTeX Font Info:    Redeclaring math symbol \vdash on input line 139.
LaTeX Font Info:    Redeclaring math symbol \dashv on input line 140.
LaTeX Font Info:    Redeclaring math symbol \flat on input line 158.
LaTeX Font Info:    Redeclaring math symbol \natural on input line 159.
LaTeX Font Info:    Redeclaring math symbol \sharp on input line 160.
LaTeX Font Info:    Redeclaring math symbol \infty on input line 161.
LaTeX Font Info:    Redeclaring math symbol \propto on input line 162.
LaTeX Font Info:    Redeclaring math symbol \dagger on input line 163.
LaTeX Font Info:    Redeclaring math symbol \ddagger on input line 164.
LaTeX Font Info:    Redeclaring math symbol \smile on input line 171.
LaTeX Font Info:    Redeclaring math symbol \frown on input line 172.
LaTeX Font Info:    Redeclaring math symbol \setminus on input line 218.
LaTeX Font Info:    Redeclaring math symbol \mid on input line 222.
LaTeX Font Info:    Redeclaring math symbol \forall on input line 279.
LaTeX Font Info:    Redeclaring math symbol \partial on input line 281.
LaTeX Font Info:    Redeclaring math symbol \exists on input line 284.
LaTeX Font Info:    Redeclaring math symbol \emptyset on input line 288.
LaTeX Font Info:    Redeclaring math symbol \top on input line 290.
LaTeX Font Info:    Redeclaring math symbol \bot on input line 291.
LaTeX Font Info:    Redeclaring math symbol \perp on input line 292.
LaTeX Font Info:    Redeclaring math symbol \in on input line 299.
LaTeX Font Info:    Redeclaring math symbol \owns on input line 300.
LaTeX Font Info:    Redeclaring math symbol \cap on input line 312.
LaTeX Font Info:    Redeclaring math symbol \cup on input line 313.
LaTeX Font Info:    Redeclaring math symbol \uplus on input line 314.
LaTeX Font Info:    Redeclaring math symbol \sqcap on input line 315.
LaTeX Font Info:    Redeclaring math symbol \sqcup on input line 316.
LaTeX Font Info:    Redeclaring math symbol \wedge on input line 318.
LaTeX Font Info:    Redeclaring math symbol \vee on input line 320.
LaTeX Font Info:    Redeclaring math symbol \subset on input line 344.
LaTeX Font Info:    Redeclaring math symbol \supset on input line 345.
LaTeX Font Info:    Redeclaring math symbol \subseteq on input line 348.
LaTeX Font Info:    Redeclaring math symbol \supseteq on input line 349.
LaTeX Font Info:    Redeclaring math symbol \sqsubseteq on input line 380.
LaTeX Font Info:    Redeclaring math symbol \sqsupseteq on input line 381.
LaTeX Font Info:    Redeclaring math symbol \triangleleft on input line 407.
LaTeX Font Info:    Redeclaring math symbol \triangleright on input line 409.
LaTeX Font Info:    Redeclaring math symbol \leq on input line 439.
LaTeX Font Info:    Redeclaring math symbol \geq on input line 441.
LaTeX Font Info:    Redeclaring math symbol \prec on input line 498.
LaTeX Font Info:    Redeclaring math symbol \succ on input line 499.
LaTeX Font Info:    Redeclaring math symbol \preceq on input line 506.
LaTeX Font Info:    Redeclaring math symbol \succeq on input line 507.
LaTeX Font Info:    Redeclaring math symbol \leftarrow on input line 540.
LaTeX Font Info:    Redeclaring math symbol \rightarrow on input line 542.
LaTeX Font Info:    Redeclaring math symbol \nwarrow on input line 546.
LaTeX Font Info:    Redeclaring math symbol \nearrow on input line 547.
LaTeX Font Info:    Redeclaring math symbol \swarrow on input line 548.
LaTeX Font Info:    Redeclaring math symbol \searrow on input line 549.
LaTeX Font Info:    Redeclaring math symbol \leftrightarrow on input line 550.
LaTeX Font Info:    Redeclaring math symbol \mapstochar on input line 557.
LaTeX Font Info:    Redeclaring math symbol \leftharpoonup on input line 560.
LaTeX Font Info:    Redeclaring math symbol \rightharpoonup on input line 561.
LaTeX Font Info:    Redeclaring math symbol \leftharpoondown on input line 562.

LaTeX Font Info:    Redeclaring math symbol \rightharpoondown on input line 563
.
LaTeX Font Info:    Redeclaring math symbol \Leftarrow on input line 575.
LaTeX Font Info:    Redeclaring math symbol \Rightarrow on input line 576.
LaTeX Font Info:    Redeclaring math symbol \Leftrightarrow on input line 579.
LaTeX Font Info:    Redeclaring math symbol \rhook on input line 612.
LaTeX Font Info:    Redeclaring math symbol \lhook on input line 613.
LaTeX Font Info:    Redeclaring math symbol \oplus on input line 658.
LaTeX Font Info:    Redeclaring math symbol \ominus on input line 659.
LaTeX Font Info:    Redeclaring math symbol \otimes on input line 661.
LaTeX Font Info:    Redeclaring math symbol \odot on input line 663.
LaTeX Font Info:    Redeclaring math symbol \oslash on input line 675.
\mayacnter=\count87
\mayacnta=\count88
\mayacntb=\count89
\mayacntc=\count90
\mayawidth=\dimen103
LaTeX Font Info:    Redeclaring math symbol \intop on input line 753.
LaTeX Font Info:    Redeclaring math symbol \ointop on input line 760.
LaTeX Font Info:    Redeclaring math delimiter \lbrace on input line 842.
LaTeX Info: Redefining \{ on input line 846.
LaTeX Font Info:    Redeclaring math delimiter \rbrace on input line 848.
LaTeX Info: Redefining \} on input line 852.
LaTeX Font Info:    Redeclaring math delimiter \langle on input line 858.
LaTeX Font Info:    Redeclaring math delimiter \rangle on input line 859.
LaTeX Font Info:    Redeclaring math delimiter \vert on input line 863.
LaTeX Font Info:    Redeclaring math delimiter \Vert on input line 865.
LaTeX Font Info:    Redeclaring math delimiter \uparrow on input line 868.
LaTeX Font Info:    Redeclaring math delimiter \downarrow on input line 869.
LaTeX Font Info:    Redeclaring math delimiter \updownarrow on input line 870.
LaTeX Font Info:    Redeclaring math delimiter \Uparrow on input line 871.
LaTeX Font Info:    Redeclaring math delimiter \Downarrow on input line 872.
LaTeX Font Info:    Redeclaring math delimiter \Updownarrow on input line 873.
LaTeX Font Info:    Redeclaring math delimiter \lgroup on input line 880.
LaTeX Font Info:    Redeclaring math delimiter \rgroup on input line 881.
LaTeX Font Info:    Redeclaring math delimiter \lceil on input line 882.
LaTeX Font Info:    Redeclaring math delimiter \rceil on input line 883.
LaTeX Font Info:    Redeclaring math delimiter \lfloor on input line 884.
LaTeX Font Info:    Redeclaring math delimiter \rfloor on input line 885.
LaTeX Font Info:    Redeclaring math symbol \braceld on input line 903.
LaTeX Font Info:    Redeclaring math symbol \bracerd on input line 905.
LaTeX Font Info:    Redeclaring math symbol \bracelu on input line 907.
LaTeX Font Info:    Redeclaring math symbol \braceru on input line 909.
LaTeX Font Info:    Redeclaring math accent \widehat on input line 944.
LaTeX Font Info:    Redeclaring math accent \widetilde on input line 946.
)) ("C:\Program Files (x86)\MiKTeX 2.9\tex\latex\amsfonts\amssymb.sty"
Package: amssymb 2009/06/22 v3.00

("C:\Program Files (x86)\MiKTeX 2.9\tex\latex\amsfonts\amsfonts.sty"
Package: amsfonts 2009/06/22 v3.00 Basic AMSFonts support
\@emptytoks=\toks14
\symAMSa=\mathgroup8
\symAMSb=\mathgroup9


! LaTeX Error: Command `\ulcorner' already defined.

See the LaTeX manual or LaTeX Companion for explanation.
Type  H <return>  for immediate help.
 ...                                              
                                                  
l.64 ...lcorner}{\mathopen} {AMSa}{"70}{AMSa}{"70}
                                                  
? 

! LaTeX Error: Command `\urcorner' already defined.

See the LaTeX manual or LaTeX Companion for explanation.
Type  H <return>  for immediate help.
 ...                                              
                                                  
l.65 ...rcorner}{\mathclose}{AMSa}{"71}{AMSa}{"71}
                                                  
? 

! LaTeX Error: Command `\llcorner' already defined.

See the LaTeX manual or LaTeX Companion for explanation.
Type  H <return>  for immediate help.
 ...                                              
                                                  
l.66 ...lcorner}{\mathopen} {AMSa}{"78}{AMSa}{"78}
                                                  
? 

! LaTeX Error: Command `\lrcorner' already defined.

See the LaTeX manual or LaTeX Companion for explanation.
Type  H <return>  for immediate help.
 ...                                              
                                                  
l.67 ...rcorner}{\mathclose}{AMSa}{"79}{AMSa}{"79}
                                                  
? 
LaTeX Font Info:    Overwriting math alphabet `\mathfrak' in version `bold'
(Font)                  U/euf/m/n --> U/euf/b/n on input line 96.
LaTeX Font Info:    Redeclaring math symbol \square on input line 128.
LaTeX Font Info:    Redeclaring math symbol \vartriangleright on input line 130
.
LaTeX Font Info:    Redeclaring math symbol \vartriangleleft on input line 131.

LaTeX Font Info:    Redeclaring math symbol \trianglerighteq on input line 132.

LaTeX Font Info:    Redeclaring math symbol \trianglelefteq on input line 133.
LaTeX Font Info:    Redeclaring math symbol \rightsquigarrow on input line 134.

)
LaTeX Font Info:    Redeclaring math symbol \boxdot on input line 39.
LaTeX Font Info:    Redeclaring math symbol \boxplus on input line 40.
LaTeX Font Info:    Redeclaring math symbol \boxtimes on input line 41.
LaTeX Font Info:    Redeclaring math symbol \centerdot on input line 44.
LaTeX Font Info:    Redeclaring math symbol \circlearrowright on input line 47.

LaTeX Font Info:    Redeclaring math symbol \circlearrowleft on input line 48.
LaTeX Font Info:    Redeclaring math symbol \leftrightharpoons on input line 51
.
LaTeX Font Info:    Redeclaring math symbol \boxminus on input line 52.
LaTeX Font Info:    Redeclaring math symbol \Vdash on input line 53.
LaTeX Font Info:    Redeclaring math symbol \Vvdash on input line 54.
LaTeX Font Info:    Redeclaring math symbol \vDash on input line 55.
LaTeX Font Info:    Redeclaring math symbol \leftleftarrows on input line 58.
LaTeX Font Info:    Redeclaring math symbol \rightrightarrows on input line 59.

LaTeX Font Info:    Redeclaring math symbol \upuparrows on input line 60.
LaTeX Font Info:    Redeclaring math symbol \downdownarrows on input line 61.
LaTeX Font Info:    Redeclaring math symbol \upharpoonright on input line 62.
LaTeX Font Info:    Redeclaring math symbol \downharpoonright on input line 64.

LaTeX Font Info:    Redeclaring math symbol \upharpoonleft on input line 65.
LaTeX Font Info:    Redeclaring math symbol \downharpoonleft on input line 66.
LaTeX Font Info:    Redeclaring math symbol \leftrightarrows on input line 69.
LaTeX Font Info:    Redeclaring math symbol \rightleftarrows on input line 70.
LaTeX Font Info:    Redeclaring math symbol \Lsh on input line 71.
LaTeX Font Info:    Redeclaring math symbol \Rsh on input line 72.
LaTeX Font Info:    Redeclaring math symbol \leftrightsquigarrow on input line 
74.
LaTeX Font Info:    Redeclaring math symbol \looparrowleft on input line 75.
LaTeX Font Info:    Redeclaring math symbol \looparrowright on input line 76.
LaTeX Font Info:    Redeclaring math symbol \circeq on input line 77.
LaTeX Font Info:    Redeclaring math symbol \succsim on input line 78.
LaTeX Font Info:    Redeclaring math symbol \gtrsim on input line 79.
LaTeX Font Info:    Redeclaring math symbol \gtrapprox on input line 80.
LaTeX Font Info:    Redeclaring math symbol \therefore on input line 82.
LaTeX Font Info:    Redeclaring math symbol \because on input line 83.
LaTeX Font Info:    Redeclaring math symbol \doteqdot on input line 84.
LaTeX Font Info:    Redeclaring math symbol \triangleq on input line 86.
LaTeX Font Info:    Redeclaring math symbol \precsim on input line 87.
LaTeX Font Info:    Redeclaring math symbol \lesssim on input line 88.
LaTeX Font Info:    Redeclaring math symbol \lessapprox on input line 89.
LaTeX Font Info:    Redeclaring math symbol \eqslantless on input line 90.
LaTeX Font Info:    Redeclaring math symbol \eqslantgtr on input line 91.
LaTeX Font Info:    Redeclaring math symbol \curlyeqprec on input line 92.
LaTeX Font Info:    Redeclaring math symbol \curlyeqsucc on input line 93.
LaTeX Font Info:    Redeclaring math symbol \preccurlyeq on input line 94.
LaTeX Font Info:    Redeclaring math symbol \leqq on input line 95.
LaTeX Font Info:    Redeclaring math symbol \leqslant on input line 96.
LaTeX Font Info:    Redeclaring math symbol \lessgtr on input line 97.
LaTeX Font Info:    Redeclaring math symbol \risingdotseq on input line 99.
LaTeX Font Info:    Redeclaring math symbol \fallingdotseq on input line 100.
LaTeX Font Info:    Redeclaring math symbol \succcurlyeq on input line 101.
LaTeX Font Info:    Redeclaring math symbol \geqq on input line 102.
LaTeX Font Info:    Redeclaring math symbol \geqslant on input line 103.
LaTeX Font Info:    Redeclaring math symbol \gtrless on input line 104.
LaTeX Font Info:    Redeclaring math symbol \bigstar on input line 112.
LaTeX Font Info:    Redeclaring math symbol \between on input line 113.
LaTeX Font Info:    Redeclaring math symbol \blacktriangledown on input line 11
4.
LaTeX Font Info:    Redeclaring math symbol \blacktriangleright on input line 1
15.
LaTeX Font Info:    Redeclaring math symbol \blacktriangleleft on input line 11
6.
LaTeX Font Info:    Redeclaring math symbol \eqcirc on input line 120.
LaTeX Font Info:    Redeclaring math symbol \lesseqgtr on input line 121.
LaTeX Font Info:    Redeclaring math symbol \gtreqless on input line 122.
LaTeX Font Info:    Redeclaring math symbol \lesseqqgtr on input line 123.
LaTeX Font Info:    Redeclaring math symbol \gtreqqless on input line 124.
LaTeX Font Info:    Redeclaring math symbol \veebar on input line 127.
LaTeX Font Info:    Redeclaring math symbol \barwedge on input line 128.
LaTeX Font Info:    Redeclaring math symbol \doublebarwedge on input line 129.
LaTeX Font Info:    Redeclaring math symbol \measuredangle on input line 132.
LaTeX Font Info:    Redeclaring math symbol \sphericalangle on input line 133.
LaTeX Font Info:    Redeclaring math symbol \Subset on input line 137.
LaTeX Font Info:    Redeclaring math symbol \Supset on input line 138.
LaTeX Font Info:    Redeclaring math symbol \Cup on input line 139.
LaTeX Font Info:    Redeclaring math symbol \Cap on input line 141.
LaTeX Font Info:    Redeclaring math symbol \curlywedge on input line 143.
LaTeX Font Info:    Redeclaring math symbol \curlyvee on input line 144.
LaTeX Font Info:    Redeclaring math symbol \leftthreetimes on input line 145.
LaTeX Font Info:    Redeclaring math symbol \rightthreetimes on input line 146.

LaTeX Font Info:    Redeclaring math symbol \subseteqq on input line 147.
LaTeX Font Info:    Redeclaring math symbol \supseteqq on input line 148.
LaTeX Font Info:    Redeclaring math symbol \lll on input line 151.
LaTeX Font Info:    Redeclaring math symbol \ggg on input line 153.
LaTeX Font Info:    Redeclaring math symbol \pitchfork on input line 156.
LaTeX Font Info:    Redeclaring math symbol \dotplus on input line 157.
LaTeX Font Info:    Redeclaring math symbol \complement on input line 160.
LaTeX Font Info:    Redeclaring math symbol \circledcirc on input line 162.
LaTeX Font Info:    Redeclaring math symbol \circledast on input line 163.
LaTeX Font Info:    Redeclaring math symbol \circleddash on input line 164.
LaTeX Font Info:    Redeclaring math symbol \lvertneqq on input line 166.
LaTeX Font Info:    Redeclaring math symbol \gvertneqq on input line 167.
LaTeX Font Info:    Redeclaring math symbol \nleq on input line 168.
LaTeX Font Info:    Redeclaring math symbol \ngeq on input line 169.
LaTeX Font Info:    Redeclaring math symbol \nless on input line 170.
LaTeX Font Info:    Redeclaring math symbol \ngtr on input line 171.
LaTeX Font Info:    Redeclaring math symbol \nprec on input line 172.
LaTeX Font Info:    Redeclaring math symbol \nsucc on input line 173.
LaTeX Font Info:    Redeclaring math symbol \lneqq on input line 174.
LaTeX Font Info:    Redeclaring math symbol \gneqq on input line 175.
LaTeX Font Info:    Redeclaring math symbol \nleqslant on input line 176.
LaTeX Font Info:    Redeclaring math symbol \ngeqslant on input line 177.
LaTeX Font Info:    Redeclaring math symbol \lneq on input line 178.
LaTeX Font Info:    Redeclaring math symbol \gneq on input line 179.
LaTeX Font Info:    Redeclaring math symbol \npreceq on input line 180.
LaTeX Font Info:    Redeclaring math symbol \nsucceq on input line 181.
LaTeX Font Info:    Redeclaring math symbol \precnsim on input line 182.
LaTeX Font Info:    Redeclaring math symbol \succnsim on input line 183.
LaTeX Font Info:    Redeclaring math symbol \lnsim on input line 184.
LaTeX Font Info:    Redeclaring math symbol \gnsim on input line 185.
LaTeX Font Info:    Redeclaring math symbol \nleqq on input line 186.
LaTeX Font Info:    Redeclaring math symbol \ngeqq on input line 187.
LaTeX Font Info:    Redeclaring math symbol \precnapprox on input line 190.
LaTeX Font Info:    Redeclaring math symbol \succnapprox on input line 191.
LaTeX Font Info:    Redeclaring math symbol \lnapprox on input line 192.
LaTeX Font Info:    Redeclaring math symbol \gnapprox on input line 193.
LaTeX Font Info:    Redeclaring math symbol \nsim on input line 194.
LaTeX Font Info:    Redeclaring math symbol \ncong on input line 195.
LaTeX Font Info:    Redeclaring math symbol \diagup on input line 196.
LaTeX Font Info:    Redeclaring math symbol \diagdown on input line 197.
LaTeX Font Info:    Redeclaring math symbol \varsubsetneq on input line 198.
LaTeX Font Info:    Redeclaring math symbol \varsupsetneq on input line 199.
LaTeX Font Info:    Redeclaring math symbol \nsubseteqq on input line 200.
LaTeX Font Info:    Redeclaring math symbol \nsupseteqq on input line 201.
LaTeX Font Info:    Redeclaring math symbol \subsetneqq on input line 202.
LaTeX Font Info:    Redeclaring math symbol \supsetneqq on input line 203.
LaTeX Font Info:    Redeclaring math symbol \varsubsetneqq on input line 204.
LaTeX Font Info:    Redeclaring math symbol \varsupsetneqq on input line 205.
LaTeX Font Info:    Redeclaring math symbol \subsetneq on input line 206.
LaTeX Font Info:    Redeclaring math symbol \supsetneq on input line 207.
LaTeX Font Info:    Redeclaring math symbol \nsubseteq on input line 208.
LaTeX Font Info:    Redeclaring math symbol \nsupseteq on input line 209.
LaTeX Font Info:    Redeclaring math symbol \nvdash on input line 214.
LaTeX Font Info:    Redeclaring math symbol \nVdash on input line 215.
LaTeX Font Info:    Redeclaring math symbol \nvDash on input line 216.
LaTeX Font Info:    Redeclaring math symbol \nVDash on input line 217.
LaTeX Font Info:    Redeclaring math symbol \ntrianglerighteq on input line 218
.
LaTeX Font Info:    Redeclaring math symbol \ntrianglelefteq on input line 219.

LaTeX Font Info:    Redeclaring math symbol \ntriangleleft on input line 220.
LaTeX Font Info:    Redeclaring math symbol \ntriangleright on input line 221.
LaTeX Font Info:    Redeclaring math symbol \nleftarrow on input line 222.
LaTeX Font Info:    Redeclaring math symbol \nrightarrow on input line 223.
LaTeX Font Info:    Redeclaring math symbol \nLeftarrow on input line 224.
LaTeX Font Info:    Redeclaring math symbol \nRightarrow on input line 225.
LaTeX Font Info:    Redeclaring math symbol \nLeftrightarrow on input line 226.

LaTeX Font Info:    Redeclaring math symbol \nleftrightarrow on input line 227.

LaTeX Font Info:    Redeclaring math symbol \divideontimes on input line 228.
LaTeX Font Info:    Redeclaring math symbol \nexists on input line 230.
LaTeX Font Info:    Redeclaring math symbol \Finv on input line 231.
LaTeX Font Info:    Redeclaring math symbol \Game on input line 232.
LaTeX Font Info:    Redeclaring math symbol \lessdot on input line 240.
LaTeX Font Info:    Redeclaring math symbol \gtrdot on input line 241.
LaTeX Font Info:    Redeclaring math symbol \ltimes on input line 242.
LaTeX Font Info:    Redeclaring math symbol \rtimes on input line 243.
LaTeX Font Info:    Redeclaring math symbol \succapprox on input line 250.
LaTeX Font Info:    Redeclaring math symbol \precapprox on input line 251.
LaTeX Font Info:    Redeclaring math symbol \curvearrowleft on input line 252.
LaTeX Font Info:    Redeclaring math symbol \curvearrowright on input line 253.

) ("C:\Program Files (x86)\MiKTeX 2.9\tex\latex\ams\math\amsmath.sty"
Package: amsmath 2000/07/18 v2.13 AMS math features
\@mathmargin=\skip43

For additional information on amsmath, use the `?' option.
("C:\Program Files (x86)\MiKTeX 2.9\tex\latex\ams\math\amstext.sty"
Package: amstext 2000/06/29 v2.01

("C:\Program Files (x86)\MiKTeX 2.9\tex\latex\ams\math\amsgen.sty"
File: amsgen.sty 1999/11/30 v2.0
\@emptytoks=\toks15
\ex@=\dimen104
))
("C:\Program Files (x86)\MiKTeX 2.9\tex\latex\ams\math\amsbsy.sty"
Package: amsbsy 1999/11/29 v1.2d
\pmbraise@=\dimen105
)
("C:\Program Files (x86)\MiKTeX 2.9\tex\latex\ams\math\amsopn.sty"
Package: amsopn 1999/12/14 v2.01 operator names
)
\inf@bad=\count91
LaTeX Info: Redefining \frac on input line 211.
\uproot@=\count92
\leftroot@=\count93
LaTeX Info: Redefining \overline on input line 307.
\classnum@=\count94
\DOTSCASE@=\count95
LaTeX Info: Redefining \ldots on input line 379.
LaTeX Info: Redefining \dots on input line 382.
LaTeX Info: Redefining \cdots on input line 467.


! LaTeX Error: Command \iint already defined.
               Or name \end... illegal, see p.192 of the manual.

See the LaTeX manual or LaTeX Companion for explanation.
Type  H <return>  for immediate help.
 ...                                              
                                                  
l.506 ...d{\iint}{\DOTSI\protect\MultiIntegral{2}}
                                                  
? 

! LaTeX Error: Command \iiint already defined.
               Or name \end... illegal, see p.192 of the manual.

See the LaTeX manual or LaTeX Companion for explanation.
Type  H <return>  for immediate help.
 ...                                              
                                                  
l.507 ...{\iiint}{\DOTSI\protect\MultiIntegral{3}}
                                                  
? 
\Mathstrutbox@=\box26
\strutbox@=\box27
\big@size=\dimen106
LaTeX Font Info:    Redeclaring font encoding OML on input line 567.
LaTeX Font Info:    Redeclaring font encoding OMS on input line 568.

! LaTeX Error: Command \dddot already defined.
               Or name \end... illegal, see p.192 of the manual.

See the LaTeX manual or LaTeX Companion for explanation.
Type  H <return>  for immediate help.
 ...                                              
                                                  
l.571    \hbox{\normalfont ...}\vss}}}}
                                       
? 

! LaTeX Error: Command \ddddot already defined.
               Or name \end... illegal, see p.192 of the manual.

See the LaTeX manual or LaTeX Companion for explanation.
Type  H <return>  for immediate help.
 ...                                              
                                                  
l.574    \hbox{\normalfont....}\vss}}}}
                                       
? 
\macc@depth=\count96

! LaTeX Error: Command \overleftrightarrow already defined.
               Or name \end... illegal, see p.192 of the manual.

See the LaTeX manual or LaTeX Companion for explanation.
Type  H <return>  for immediate help.
 ...                                              
                                                  
l.769 ...palette{\overarrow@\leftrightarrowfill@}}
                                                  
? 

! LaTeX Error: Command \underrightarrow already defined.
               Or name \end... illegal, see p.192 of the manual.

See the LaTeX manual or LaTeX Companion for explanation.
Type  H <return>  for immediate help.
 ...                                              
                                                  
l.774 ...athpalette{\underarrow@\rightarrowfill@}}
                                                  
? 

! LaTeX Error: Command \underleftarrow already defined.
               Or name \end... illegal, see p.192 of the manual.

See the LaTeX manual or LaTeX Companion for explanation.
Type  H <return>  for immediate help.
 ...                                              
                                                  
l.776   \mathpalette{\underarrow@\leftarrowfill@}}
                                                  
? 

! LaTeX Error: Command \underleftrightarrow already defined.
               Or name \end... illegal, see p.192 of the manual.

See the LaTeX manual or LaTeX Companion for explanation.
Type  H <return>  for immediate help.
 ...                                              
                                                  
l.778 ...alette{\underarrow@\leftrightarrowfill@}}
                                                  
? 
\c@MaxMatrixCols=\count97
\dotsspace@=\muskip10
\c@parentequation=\count98
\dspbrk@lvl=\count99
\tag@help=\toks16
\row@=\count100
\column@=\count101
\maxfields@=\count102
\andhelp@=\toks17
\eqnshift@=\dimen107
\alignsep@=\dimen108
\tagshift@=\dimen109
\tagwidth@=\dimen110
\totwidth@=\dimen111
\lineht@=\dimen112
\@envbody=\toks18
\multlinegap=\skip44
\multlinetaggap=\skip45
\mathdisplay@stack=\toks19
LaTeX Info: Redefining \[ on input line 2666.
LaTeX Info: Redefining \] on input line 2667.
) ("C:\Program Files (x86)\MiKTeX 2.9\tex\generic\ifxetex\ifxetex.sty"
Package: ifxetex 2010/09/12 v0.6 Provides ifxetex conditional
)
("C:\Program Files (x86)\MiKTeX 2.9\tex\generic\oberdiek\ifluatex.sty"
Package: ifluatex 2010/03/01 v1.3 Provides the ifluatex switch (HO)
Package ifluatex Info: LuaTeX not detected.
)
("C:\Program Files (x86)\MiKTeX 2.9\tex\latex\base\fixltx2e.sty"
Package: fixltx2e 2006/09/13 v1.1m fixes to LaTeX
LaTeX Info: Redefining \em on input line 420.
LaTeX Info: The control sequence `\[' is already robust on input line 471.
LaTeX Info: The control sequence `\]' is already robust on input line 472.
)
("C:\Program Files (x86)\MiKTeX 2.9\tex\latex\base\fontenc.sty"
Package: fontenc 2005/09/27 v1.99g Standard LaTeX package

("C:\Program Files (x86)\MiKTeX 2.9\tex\latex\base\t1enc.def"
File: t1enc.def 2005/09/27 v1.99g Standard LaTeX file
LaTeX Font Info:    Redeclaring font encoding T1 on input line 43.
))
("C:\Program Files (x86)\MiKTeX 2.9\tex\latex\base\inputenc.sty"
Package: inputenc 2008/03/30 v1.1d Input encoding file
\inpenc@prehook=\toks20
\inpenc@posthook=\toks21

("C:\Program Files (x86)\MiKTeX 2.9\tex\latex\base\utf8.def"
File: utf8.def 2008/04/05 v1.1m UTF-8 support for inputenc
Now handling font encoding OML ...
... no UTF-8 mapping file for font encoding OML
Now handling font encoding T1 ...
... processing UTF-8 mapping file for font encoding T1

("C:\Program Files (x86)\MiKTeX 2.9\tex\latex\base\t1enc.dfu"
File: t1enc.dfu 2008/04/05 v1.1m UTF-8 support for inputenc
   defining Unicode char U+00A1 (decimal 161)
   defining Unicode char U+00A3 (decimal 163)
   defining Unicode char U+00AB (decimal 171)
   defining Unicode char U+00BB (decimal 187)
   defining Unicode char U+00BF (decimal 191)
   defining Unicode char U+00C0 (decimal 192)
   defining Unicode char U+00C1 (decimal 193)
   defining Unicode char U+00C2 (decimal 194)
   defining Unicode char U+00C3 (decimal 195)
   defining Unicode char U+00C4 (decimal 196)
   defining Unicode char U+00C5 (decimal 197)
   defining Unicode char U+00C6 (decimal 198)
   defining Unicode char U+00C7 (decimal 199)
   defining Unicode char U+00C8 (decimal 200)
   defining Unicode char U+00C9 (decimal 201)
   defining Unicode char U+00CA (decimal 202)
   defining Unicode char U+00CB (decimal 203)
   defining Unicode char U+00CC (decimal 204)
   defining Unicode char U+00CD (decimal 205)
   defining Unicode char U+00CE (decimal 206)
   defining Unicode char U+00CF (decimal 207)
   defining Unicode char U+00D0 (decimal 208)
   defining Unicode char U+00D1 (decimal 209)
   defining Unicode char U+00D2 (decimal 210)
   defining Unicode char U+00D3 (decimal 211)
   defining Unicode char U+00D4 (decimal 212)
   defining Unicode char U+00D5 (decimal 213)
   defining Unicode char U+00D6 (decimal 214)
   defining Unicode char U+00D8 (decimal 216)
   defining Unicode char U+00D9 (decimal 217)
   defining Unicode char U+00DA (decimal 218)
   defining Unicode char U+00DB (decimal 219)
   defining Unicode char U+00DC (decimal 220)
   defining Unicode char U+00DD (decimal 221)
   defining Unicode char U+00DE (decimal 222)
   defining Unicode char U+00DF (decimal 223)
   defining Unicode char U+00E0 (decimal 224)
   defining Unicode char U+00E1 (decimal 225)
   defining Unicode char U+00E2 (decimal 226)
   defining Unicode char U+00E3 (decimal 227)
   defining Unicode char U+00E4 (decimal 228)
   defining Unicode char U+00E5 (decimal 229)
   defining Unicode char U+00E6 (decimal 230)
   defining Unicode char U+00E7 (decimal 231)
   defining Unicode char U+00E8 (decimal 232)
   defining Unicode char U+00E9 (decimal 233)
   defining Unicode char U+00EA (decimal 234)
   defining Unicode char U+00EB (decimal 235)
   defining Unicode char U+00EC (decimal 236)
   defining Unicode char U+00ED (decimal 237)
   defining Unicode char U+00EE (decimal 238)
   defining Unicode char U+00EF (decimal 239)
   defining Unicode char U+00F0 (decimal 240)
   defining Unicode char U+00F1 (decimal 241)
   defining Unicode char U+00F2 (decimal 242)
   defining Unicode char U+00F3 (decimal 243)
   defining Unicode char U+00F4 (decimal 244)
   defining Unicode char U+00F5 (decimal 245)
   defining Unicode char U+00F6 (decimal 246)
   defining Unicode char U+00F8 (decimal 248)
   defining Unicode char U+00F9 (decimal 249)
   defining Unicode char U+00FA (decimal 250)
   defining Unicode char U+00FB (decimal 251)
   defining Unicode char U+00FC (decimal 252)
   defining Unicode char U+00FD (decimal 253)
   defining Unicode char U+00FE (decimal 254)
   defining Unicode char U+00FF (decimal 255)
   defining Unicode char U+0102 (decimal 258)
   defining Unicode char U+0103 (decimal 259)
   defining Unicode char U+0104 (decimal 260)
   defining Unicode char U+0105 (decimal 261)
   defining Unicode char U+0106 (decimal 262)
   defining Unicode char U+0107 (decimal 263)
   defining Unicode char U+010C (decimal 268)
   defining Unicode char U+010D (decimal 269)
   defining Unicode char U+010E (decimal 270)
   defining Unicode char U+010F (decimal 271)
   defining Unicode char U+0110 (decimal 272)
   defining Unicode char U+0111 (decimal 273)
   defining Unicode char U+0118 (decimal 280)
   defining Unicode char U+0119 (decimal 281)
   defining Unicode char U+011A (decimal 282)
   defining Unicode char U+011B (decimal 283)
   defining Unicode char U+011E (decimal 286)
   defining Unicode char U+011F (decimal 287)
   defining Unicode char U+0130 (decimal 304)
   defining Unicode char U+0131 (decimal 305)
   defining Unicode char U+0132 (decimal 306)
   defining Unicode char U+0133 (decimal 307)
   defining Unicode char U+0139 (decimal 313)
   defining Unicode char U+013A (decimal 314)
   defining Unicode char U+013D (decimal 317)
   defining Unicode char U+013E (decimal 318)
   defining Unicode char U+0141 (decimal 321)
   defining Unicode char U+0142 (decimal 322)
   defining Unicode char U+0143 (decimal 323)
   defining Unicode char U+0144 (decimal 324)
   defining Unicode char U+0147 (decimal 327)
   defining Unicode char U+0148 (decimal 328)
   defining Unicode char U+014A (decimal 330)
   defining Unicode char U+014B (decimal 331)
   defining Unicode char U+0150 (decimal 336)
   defining Unicode char U+0151 (decimal 337)
   defining Unicode char U+0152 (decimal 338)
   defining Unicode char U+0153 (decimal 339)
   defining Unicode char U+0154 (decimal 340)
   defining Unicode char U+0155 (decimal 341)
   defining Unicode char U+0158 (decimal 344)
   defining Unicode char U+0159 (decimal 345)
   defining Unicode char U+015A (decimal 346)
   defining Unicode char U+015B (decimal 347)
   defining Unicode char U+015E (decimal 350)
   defining Unicode char U+015F (decimal 351)
   defining Unicode char U+0160 (decimal 352)
   defining Unicode char U+0161 (decimal 353)
   defining Unicode char U+0162 (decimal 354)
   defining Unicode char U+0163 (decimal 355)
   defining Unicode char U+0164 (decimal 356)
   defining Unicode char U+0165 (decimal 357)
   defining Unicode char U+016E (decimal 366)
   defining Unicode char U+016F (decimal 367)
   defining Unicode char U+0170 (decimal 368)
   defining Unicode char U+0171 (decimal 369)
   defining Unicode char U+0178 (decimal 376)
   defining Unicode char U+0179 (decimal 377)
   defining Unicode char U+017A (decimal 378)
   defining Unicode char U+017B (decimal 379)
   defining Unicode char U+017C (decimal 380)
   defining Unicode char U+017D (decimal 381)
   defining Unicode char U+017E (decimal 382)
   defining Unicode char U+200C (decimal 8204)
   defining Unicode char U+2013 (decimal 8211)
   defining Unicode char U+2014 (decimal 8212)
   defining Unicode char U+2018 (decimal 8216)
   defining Unicode char U+2019 (decimal 8217)
   defining Unicode char U+201A (decimal 8218)
   defining Unicode char U+201C (decimal 8220)
   defining Unicode char U+201D (decimal 8221)
   defining Unicode char U+201E (decimal 8222)
   defining Unicode char U+2030 (decimal 8240)
   defining Unicode char U+2031 (decimal 8241)
   defining Unicode char U+2039 (decimal 8249)
   defining Unicode char U+203A (decimal 8250)
   defining Unicode char U+2423 (decimal 9251)
)
Now handling font encoding OT1 ...
... processing UTF-8 mapping file for font encoding OT1

("C:\Program Files (x86)\MiKTeX 2.9\tex\latex\base\ot1enc.dfu"
File: ot1enc.dfu 2008/04/05 v1.1m UTF-8 support for inputenc
   defining Unicode char U+00A1 (decimal 161)
   defining Unicode char U+00A3 (decimal 163)
   defining Unicode char U+00B8 (decimal 184)
   defining Unicode char U+00BF (decimal 191)
   defining Unicode char U+00C5 (decimal 197)
   defining Unicode char U+00C6 (decimal 198)
   defining Unicode char U+00D8 (decimal 216)
   defining Unicode char U+00DF (decimal 223)
   defining Unicode char U+00E6 (decimal 230)
   defining Unicode char U+00EC (decimal 236)
   defining Unicode char U+00ED (decimal 237)
   defining Unicode char U+00EE (decimal 238)
   defining Unicode char U+00EF (decimal 239)
   defining Unicode char U+00F8 (decimal 248)
   defining Unicode char U+0131 (decimal 305)
   defining Unicode char U+0141 (decimal 321)
   defining Unicode char U+0142 (decimal 322)
   defining Unicode char U+0152 (decimal 338)
   defining Unicode char U+0153 (decimal 339)
   defining Unicode char U+2013 (decimal 8211)
   defining Unicode char U+2014 (decimal 8212)
   defining Unicode char U+2018 (decimal 8216)
   defining Unicode char U+2019 (decimal 8217)
   defining Unicode char U+201C (decimal 8220)
   defining Unicode char U+201D (decimal 8221)
)
Now handling font encoding OMS ...
... processing UTF-8 mapping file for font encoding OMS

("C:\Program Files (x86)\MiKTeX 2.9\tex\latex\base\omsenc.dfu"
File: omsenc.dfu 2008/04/05 v1.1m UTF-8 support for inputenc
   defining Unicode char U+00A7 (decimal 167)
   defining Unicode char U+00B6 (decimal 182)
   defining Unicode char U+00B7 (decimal 183)
   defining Unicode char U+2020 (decimal 8224)
   defining Unicode char U+2021 (decimal 8225)
   defining Unicode char U+2022 (decimal 8226)
)
Now handling font encoding OMX ...
... no UTF-8 mapping file for font encoding OMX
Now handling font encoding U ...
... no UTF-8 mapping file for font encoding U
   defining Unicode char U+00A9 (decimal 169)
   defining Unicode char U+00AA (decimal 170)
   defining Unicode char U+00AE (decimal 174)
   defining Unicode char U+00BA (decimal 186)
   defining Unicode char U+02C6 (decimal 710)
   defining Unicode char U+02DC (decimal 732)
   defining Unicode char U+200C (decimal 8204)
   defining Unicode char U+2026 (decimal 8230)
   defining Unicode char U+2122 (decimal 8482)
   defining Unicode char U+2423 (decimal 9251)
))
(C:\Users\Felienne\AppData\Roaming\MiKTeX\2.9\tex\latex\upquote\upquote.sty
Package: upquote 2012/04/19 v1.3 upright-quote and grave-accent glyphs in verba
tim

("C:\Program Files (x86)\MiKTeX 2.9\tex\latex\base\textcomp.sty"
Package: textcomp 2005/09/27 v1.99g Standard LaTeX package
Package textcomp Info: Sub-encoding information:
(textcomp)               5 = only ISO-Adobe without \textcurrency
(textcomp)               4 = 5 + \texteuro
(textcomp)               3 = 4 + \textohm
(textcomp)               2 = 3 + \textestimated + \textcurrency
(textcomp)               1 = TS1 - \textcircled - \t
(textcomp)               0 = TS1 (full)
(textcomp)             Font families with sub-encoding setting implement
(textcomp)             only a restricted character set as indicated.
(textcomp)             Family '?' is the default used for unknown fonts.
(textcomp)             See the documentation for details.
Package textcomp Info: Setting ? sub-encoding to TS1/1 on input line 71.

("C:\Program Files (x86)\MiKTeX 2.9\tex\latex\base\ts1enc.def"
File: ts1enc.def 2001/06/05 v3.0e (jk/car/fm) Standard LaTeX file
Now handling font encoding TS1 ...
... processing UTF-8 mapping file for font encoding TS1

("C:\Program Files (x86)\MiKTeX 2.9\tex\latex\base\ts1enc.dfu"
File: ts1enc.dfu 2008/04/05 v1.1m UTF-8 support for inputenc
   defining Unicode char U+00A2 (decimal 162)
   defining Unicode char U+00A3 (decimal 163)
   defining Unicode char U+00A4 (decimal 164)
   defining Unicode char U+00A5 (decimal 165)
   defining Unicode char U+00A6 (decimal 166)
   defining Unicode char U+00A7 (decimal 167)
   defining Unicode char U+00A8 (decimal 168)
   defining Unicode char U+00A9 (decimal 169)
   defining Unicode char U+00AA (decimal 170)
   defining Unicode char U+00AC (decimal 172)
   defining Unicode char U+00AE (decimal 174)
   defining Unicode char U+00AF (decimal 175)
   defining Unicode char U+00B0 (decimal 176)
   defining Unicode char U+00B1 (decimal 177)
   defining Unicode char U+00B2 (decimal 178)
   defining Unicode char U+00B3 (decimal 179)
   defining Unicode char U+00B4 (decimal 180)
   defining Unicode char U+00B5 (decimal 181)
   defining Unicode char U+00B6 (decimal 182)
   defining Unicode char U+00B7 (decimal 183)
   defining Unicode char U+00B9 (decimal 185)
   defining Unicode char U+00BA (decimal 186)
   defining Unicode char U+00BC (decimal 188)
   defining Unicode char U+00BD (decimal 189)
   defining Unicode char U+00BE (decimal 190)
   defining Unicode char U+00D7 (decimal 215)
   defining Unicode char U+00F7 (decimal 247)
   defining Unicode char U+0192 (decimal 402)
   defining Unicode char U+02C7 (decimal 711)
   defining Unicode char U+02D8 (decimal 728)
   defining Unicode char U+02DD (decimal 733)
   defining Unicode char U+0E3F (decimal 3647)
   defining Unicode char U+2016 (decimal 8214)
   defining Unicode char U+2020 (decimal 8224)
   defining Unicode char U+2021 (decimal 8225)
   defining Unicode char U+2022 (decimal 8226)
   defining Unicode char U+2030 (decimal 8240)
   defining Unicode char U+2031 (decimal 8241)
   defining Unicode char U+203B (decimal 8251)
   defining Unicode char U+203D (decimal 8253)
   defining Unicode char U+2044 (decimal 8260)
   defining Unicode char U+204E (decimal 8270)
   defining Unicode char U+2052 (decimal 8274)
   defining Unicode char U+20A1 (decimal 8353)
   defining Unicode char U+20A4 (decimal 8356)
   defining Unicode char U+20A6 (decimal 8358)
   defining Unicode char U+20A9 (decimal 8361)
   defining Unicode char U+20AB (decimal 8363)
   defining Unicode char U+20AC (decimal 8364)
   defining Unicode char U+20B1 (decimal 8369)
   defining Unicode char U+2103 (decimal 8451)
   defining Unicode char U+2116 (decimal 8470)
   defining Unicode char U+2117 (decimal 8471)
   defining Unicode char U+211E (decimal 8478)
   defining Unicode char U+2120 (decimal 8480)
   defining Unicode char U+2122 (decimal 8482)
   defining Unicode char U+2126 (decimal 8486)
   defining Unicode char U+2127 (decimal 8487)
   defining Unicode char U+212E (decimal 8494)
   defining Unicode char U+2190 (decimal 8592)
   defining Unicode char U+2191 (decimal 8593)
   defining Unicode char U+2192 (decimal 8594)
   defining Unicode char U+2193 (decimal 8595)
   defining Unicode char U+2329 (decimal 9001)
   defining Unicode char U+232A (decimal 9002)
   defining Unicode char U+2422 (decimal 9250)
   defining Unicode char U+25E6 (decimal 9702)
   defining Unicode char U+25EF (decimal 9711)
   defining Unicode char U+266A (decimal 9834)
))
LaTeX Info: Redefining \oldstylenums on input line 266.
Package textcomp Info: Setting cmr sub-encoding to TS1/0 on input line 281.
Package textcomp Info: Setting cmss sub-encoding to TS1/0 on input line 282.
Package textcomp Info: Setting cmtt sub-encoding to TS1/0 on input line 283.
Package textcomp Info: Setting cmvtt sub-encoding to TS1/0 on input line 284.
Package textcomp Info: Setting cmbr sub-encoding to TS1/0 on input line 285.
Package textcomp Info: Setting cmtl sub-encoding to TS1/0 on input line 286.
Package textcomp Info: Setting ccr sub-encoding to TS1/0 on input line 287.
Package textcomp Info: Setting ptm sub-encoding to TS1/4 on input line 288.
Package textcomp Info: Setting pcr sub-encoding to TS1/4 on input line 289.
Package textcomp Info: Setting phv sub-encoding to TS1/4 on input line 290.
Package textcomp Info: Setting ppl sub-encoding to TS1/3 on input line 291.
Package textcomp Info: Setting pag sub-encoding to TS1/4 on input line 292.
Package textcomp Info: Setting pbk sub-encoding to TS1/4 on input line 293.
Package textcomp Info: Setting pnc sub-encoding to TS1/4 on input line 294.
Package textcomp Info: Setting pzc sub-encoding to TS1/4 on input line 295.
Package textcomp Info: Setting bch sub-encoding to TS1/4 on input line 296.
Package textcomp Info: Setting put sub-encoding to TS1/5 on input line 297.
Package textcomp Info: Setting uag sub-encoding to TS1/5 on input line 298.
Package textcomp Info: Setting ugq sub-encoding to TS1/5 on input line 299.
Package textcomp Info: Setting ul8 sub-encoding to TS1/4 on input line 300.
Package textcomp Info: Setting ul9 sub-encoding to TS1/4 on input line 301.
Package textcomp Info: Setting augie sub-encoding to TS1/5 on input line 302.
Package textcomp Info: Setting dayrom sub-encoding to TS1/3 on input line 303.
Package textcomp Info: Setting dayroms sub-encoding to TS1/3 on input line 304.

Package textcomp Info: Setting pxr sub-encoding to TS1/0 on input line 305.
Package textcomp Info: Setting pxss sub-encoding to TS1/0 on input line 306.
Package textcomp Info: Setting pxtt sub-encoding to TS1/0 on input line 307.
Package textcomp Info: Setting txr sub-encoding to TS1/0 on input line 308.
Package textcomp Info: Setting txss sub-encoding to TS1/0 on input line 309.
Package textcomp Info: Setting txtt sub-encoding to TS1/0 on input line 310.
Package textcomp Info: Setting lmr sub-encoding to TS1/0 on input line 311.
Package textcomp Info: Setting lmdh sub-encoding to TS1/0 on input line 312.
Package textcomp Info: Setting lmss sub-encoding to TS1/0 on input line 313.
Package textcomp Info: Setting lmssq sub-encoding to TS1/0 on input line 314.
Package textcomp Info: Setting lmvtt sub-encoding to TS1/0 on input line 315.
Package textcomp Info: Setting qhv sub-encoding to TS1/0 on input line 316.
Package textcomp Info: Setting qag sub-encoding to TS1/0 on input line 317.
Package textcomp Info: Setting qbk sub-encoding to TS1/0 on input line 318.
Package textcomp Info: Setting qcr sub-encoding to TS1/0 on input line 319.
Package textcomp Info: Setting qcs sub-encoding to TS1/0 on input line 320.
Package textcomp Info: Setting qpl sub-encoding to TS1/0 on input line 321.
Package textcomp Info: Setting qtm sub-encoding to TS1/0 on input line 322.
Package textcomp Info: Setting qzc sub-encoding to TS1/0 on input line 323.
Package textcomp Info: Setting qhvc sub-encoding to TS1/0 on input line 324.
Package textcomp Info: Setting futs sub-encoding to TS1/4 on input line 325.
Package textcomp Info: Setting futx sub-encoding to TS1/4 on input line 326.
Package textcomp Info: Setting futj sub-encoding to TS1/4 on input line 327.
Package textcomp Info: Setting hlh sub-encoding to TS1/3 on input line 328.
Package textcomp Info: Setting hls sub-encoding to TS1/3 on input line 329.
Package textcomp Info: Setting hlst sub-encoding to TS1/3 on input line 330.
Package textcomp Info: Setting hlct sub-encoding to TS1/5 on input line 331.
Package textcomp Info: Setting hlx sub-encoding to TS1/5 on input line 332.
Package textcomp Info: Setting hlce sub-encoding to TS1/5 on input line 333.
Package textcomp Info: Setting hlcn sub-encoding to TS1/5 on input line 334.
Package textcomp Info: Setting hlcw sub-encoding to TS1/5 on input line 335.
Package textcomp Info: Setting hlcf sub-encoding to TS1/5 on input line 336.
Package textcomp Info: Setting pplx sub-encoding to TS1/3 on input line 337.
Package textcomp Info: Setting pplj sub-encoding to TS1/3 on input line 338.
Package textcomp Info: Setting ptmx sub-encoding to TS1/4 on input line 339.
Package textcomp Info: Setting ptmj sub-encoding to TS1/4 on input line 340.
))
(C:\Users\Felienne\AppData\Roaming\MiKTeX\2.9\tex\latex\microtype\microtype.sty
Package: microtype 2010/01/10 v2.4 Micro-typography with pdfTeX (RS)
("C:\Program Files (x86)\MiKTeX 2.9\tex\latex\graphics\keyval.sty"
Package: keyval 1999/03/16 v1.13 key=value parser (DPC)
\KV@toks@=\toks22
)
\MT@toks=\toks23
\MT@count=\count103
LaTeX Info: Redefining \lsstyle on input line 1597.
LaTeX Info: Redefining \lslig on input line 1597.
\MT@outer@space=\skip46
LaTeX Info: Redefining \textls on input line 1605.
\MT@outer@kern=\dimen113
LaTeX Info: Redefining \textmicrotypecontext on input line 2156.
Package microtype Info: Loading configuration file microtype.cfg.

(C:\Users\Felienne\AppData\Roaming\MiKTeX\2.9\tex\latex\microtype\microtype.cfg
File: microtype.cfg 2010/01/10 v2.4 microtype main configuration file (RS)
)) ("C:\Program Files (x86)\MiKTeX 2.9\tex\latex\geometry\geometry.sty"
Package: geometry 2010/09/12 v5.6 Page Geometry

("C:\Program Files (x86)\MiKTeX 2.9\tex\generic\oberdiek\ifpdf.sty"
Package: ifpdf 2011/01/30 v2.3 Provides the ifpdf switch (HO)
Package ifpdf Info: pdfTeX in PDF mode is detected.
)
("C:\Program Files (x86)\MiKTeX 2.9\tex\generic\oberdiek\ifvtex.sty"
Package: ifvtex 2010/03/01 v1.5 Switches for detecting VTeX and its modes (HO)
Package ifvtex Info: VTeX not detected.
)
\Gm@cnth=\count104
\Gm@cntv=\count105
\c@Gm@tempcnt=\count106
\Gm@bindingoffset=\dimen114
\Gm@wd@mp=\dimen115
\Gm@odd@mp=\dimen116
\Gm@even@mp=\dimen117
\Gm@layoutwidth=\dimen118
\Gm@layoutheight=\dimen119
\Gm@layouthoffset=\dimen120
\Gm@layoutvoffset=\dimen121
\Gm@dimlist=\toks24

("C:\Program Files (x86)\MiKTeX 2.9\tex\latex\geometry\geometry.cfg"))
("C:\Program Files (x86)\MiKTeX 2.9\tex\latex\tools\longtable.sty"
Package: longtable 2004/02/01 v4.11 Multi-page Table package (DPC)
\LTleft=\skip47
\LTright=\skip48
\LTpre=\skip49
\LTpost=\skip50
\LTchunksize=\count107
\LTcapwidth=\dimen122
\LT@head=\box28
\LT@firsthead=\box29
\LT@foot=\box30
\LT@lastfoot=\box31
\LT@cols=\count108
\LT@rows=\count109
\c@LT@tables=\count110
\c@LT@chunks=\count111
\LT@p@ftn=\toks25
)
(C:\Users\Felienne\AppData\Roaming\MiKTeX\2.9\tex\latex\booktabs\booktabs.sty
Package: booktabs 2005/04/14 v1.61803 publication quality tables
\heavyrulewidth=\dimen123
\lightrulewidth=\dimen124
\cmidrulewidth=\dimen125
\belowrulesep=\dimen126
\belowbottomsep=\dimen127
\aboverulesep=\dimen128
\abovetopsep=\dimen129
\cmidrulesep=\dimen130
\cmidrulekern=\dimen131
\defaultaddspace=\dimen132
\@cmidla=\count112
\@cmidlb=\count113
\@aboverulesep=\dimen133
\@belowrulesep=\dimen134
\@thisruleclass=\count114
\@lastruleclass=\count115
\@thisrulewidth=\dimen135
)
("C:\Program Files (x86)\MiKTeX 2.9\tex\latex\graphics\graphicx.sty"
Package: graphicx 1999/02/16 v1.0f Enhanced LaTeX Graphics (DPC,SPQR)

("C:\Program Files (x86)\MiKTeX 2.9\tex\latex\graphics\graphics.sty"
Package: graphics 2009/02/05 v1.0o Standard LaTeX Graphics (DPC,SPQR)

("C:\Program Files (x86)\MiKTeX 2.9\tex\latex\graphics\trig.sty"
Package: trig 1999/03/16 v1.09 sin cos tan (DPC)
)
("C:\Program Files (x86)\MiKTeX 2.9\tex\latex\00miktex\graphics.cfg"
File: graphics.cfg 2007/01/18 v1.5 graphics configuration of teTeX/TeXLive
)
Package graphics Info: Driver file: pdftex.def on input line 91.

("C:\Program Files (x86)\MiKTeX 2.9\tex\latex\pdftex-def\pdftex.def"
File: pdftex.def 2011/05/27 v0.06d Graphics/color for pdfTeX

("C:\Program Files (x86)\MiKTeX 2.9\tex\generic\oberdiek\infwarerr.sty"
Package: infwarerr 2010/04/08 v1.3 Providing info/warning/message (HO)
)
("C:\Program Files (x86)\MiKTeX 2.9\tex\generic\oberdiek\ltxcmds.sty"
Package: ltxcmds 2011/04/18 v1.20 LaTeX kernel commands for general use (HO)
)
\Gread@gobject=\count116
))
\Gin@req@height=\dimen136
\Gin@req@width=\dimen137
)
("C:\Program Files (x86)\MiKTeX 2.9\tex\latex\hyperref\hyperref.sty"
Package: hyperref 2011/12/04 v6.82m Hypertext links for LaTeX

("C:\Program Files (x86)\MiKTeX 2.9\tex\generic\oberdiek\hobsub-hyperref.sty"
Package: hobsub-hyperref 2011/04/23 v1.4 Bundle oberdiek, subset hyperref (HO)

("C:\Program Files (x86)\MiKTeX 2.9\tex\generic\oberdiek\hobsub-generic.sty"
Package: hobsub-generic 2011/04/23 v1.4 Bundle oberdiek, subset generic (HO)
Package: hobsub 2011/04/23 v1.4 Subsetting bundle oberdiek (HO)
Package hobsub Info: Skipping package `infwarerr' (already loaded).
Package hobsub Info: Skipping package `ltxcmds' (already loaded).
Package hobsub Info: Skipping package `ifluatex' (already loaded).
Package hobsub Info: Skipping package `ifvtex' (already loaded).
Package: intcalc 2007/09/27 v1.1 Expandable integer calculations (HO)
Package hobsub Info: Skipping package `ifpdf' (already loaded).
Package: etexcmds 2011/02/16 v1.5 Prefix for e-TeX command names (HO)
Package etexcmds Info: Could not find \expanded.
(etexcmds)             That can mean that you are not using pdfTeX 1.50 or
(etexcmds)             that some package has redefined \expanded.
(etexcmds)             In the latter case, load this package earlier.
Package: kvsetkeys 2011/04/07 v1.13 Key value parser (HO)
Package: kvdefinekeys 2011/04/07 v1.3 Defining keys (HO)
Package: pdftexcmds 2011/04/22 v0.16 Utilities of pdfTeX for LuaTeX (HO)
Package pdftexcmds Info: LuaTeX not detected.
Package pdftexcmds Info: \pdf@primitive is available.
Package pdftexcmds Info: \pdf@ifprimitive is available.
Package pdftexcmds Info: \pdfdraftmode found.
Package: pdfescape 2011/04/04 v1.12 Provides string conversions (HO)
Package: bigintcalc 2011/01/30 v1.2 Expandable big integer calculations (HO)
Package: bitset 2011/01/30 v1.1 Data type bit set (HO)
Package: uniquecounter 2011/01/30 v1.2 Provides unlimited unique counter (HO)
)
Package hobsub Info: Skipping package `hobsub' (already loaded).
Package: letltxmacro 2010/09/02 v1.4 Let assignment for LaTeX macros (HO)
Package: hopatch 2011/01/30 v1.0 Wrapper for package hooks (HO)
Package: xcolor-patch 2011/01/30 xcolor patch
Package: atveryend 2011/04/23 v1.7 Hooks at very end of document (HO)
Package: atbegshi 2011/01/30 v1.15 At begin shipout hook (HO)
Package: refcount 2010/12/01 v3.2 Data extraction from references (HO)
Package: hycolor 2011/01/30 v1.7 Color options of hyperref/bookmark (HO)
)
("C:\Program Files (x86)\MiKTeX 2.9\tex\latex\oberdiek\kvoptions.sty"
Package: kvoptions 2010/12/23 v3.10 Keyval support for LaTeX options (HO)
)
\@linkdim=\dimen138
\Hy@linkcounter=\count117
\Hy@pagecounter=\count118

("C:\Program Files (x86)\MiKTeX 2.9\tex\latex\hyperref\pd1enc.def"
File: pd1enc.def 2011/12/04 v6.82m Hyperref: PDFDocEncoding definition (HO)
Now handling font encoding PD1 ...
... no UTF-8 mapping file for font encoding PD1
)
\Hy@SavedSpaceFactor=\count119

("C:\Program Files (x86)\MiKTeX 2.9\tex\latex\00miktex\hyperref.cfg"
File: hyperref.cfg 2002/06/06 v1.2 hyperref configuration of TeXLive
)
Package hyperref Info: Option `unicode' set `true' on input line 3925.

("C:\Program Files (x86)\MiKTeX 2.9\tex\latex\hyperref\puenc.def"
File: puenc.def 2011/12/04 v6.82m Hyperref: PDF Unicode definition (HO)
Now handling font encoding PU ...
... no UTF-8 mapping file for font encoding PU
)
Package hyperref Info: Hyper figures OFF on input line 4046.
Package hyperref Info: Link nesting OFF on input line 4051.
Package hyperref Info: Hyper index ON on input line 4054.
Package hyperref Info: Plain pages OFF on input line 4061.
Package hyperref Info: Backreferencing OFF on input line 4066.
Package hyperref Info: Implicit mode ON; LaTeX internals redefined.
Package hyperref Info: Bookmarks ON on input line 4284.
\c@Hy@tempcnt=\count120

("C:\Program Files (x86)\MiKTeX 2.9\tex\latex\ltxmisc\url.sty"
\Urlmuskip=\muskip11
Package: url 2006/04/12  ver 3.3  Verb mode for urls, etc.
)
LaTeX Info: Redefining \url on input line 4637.
\Fld@menulength=\count121
\Field@Width=\dimen139
\Fld@charsize=\dimen140
Package hyperref Info: Hyper figures OFF on input line 5757.
Package hyperref Info: Link nesting OFF on input line 5762.
Package hyperref Info: Hyper index ON on input line 5765.
Package hyperref Info: backreferencing OFF on input line 5772.
Package hyperref Info: Link coloring OFF on input line 5777.
Package hyperref Info: Link coloring with OCG OFF on input line 5782.
Package hyperref Info: PDF/A mode OFF on input line 5787.
LaTeX Info: Redefining \ref on input line 5827.
LaTeX Info: Redefining \pageref on input line 5831.
\Hy@abspage=\count122
\c@Item=\count123
\c@Hfootnote=\count124
)

Package hyperref Message: Driver (autodetected): hpdftex.

("C:\Program Files (x86)\MiKTeX 2.9\tex\latex\hyperref\hpdftex.def"
File: hpdftex.def 2011/12/04 v6.82m Hyperref driver for pdfTeX
\Fld@listcount=\count125
\c@bookmark@seq@number=\count126

("C:\Program Files (x86)\MiKTeX 2.9\tex\latex\oberdiek\rerunfilecheck.sty"
Package: rerunfilecheck 2011/04/15 v1.7 Rerun checks for auxiliary files (HO)
Package uniquecounter Info: New unique counter `rerunfilecheck' on input line 2
82.
)
\Hy@SectionHShift=\skip51
)
Package hyperref Info: Option `breaklinks' set `true' on input line 54.


Package hyperref Warning: Option `bookmarks' has already been used,
(hyperref)                setting the option has no effect on input line 54.

Package hyperref Info: Option `colorlinks' set `true' on input line 54.
No file output.aux.
LaTeX Font Info:    Checking defaults for OML/cmm/m/it on input line 65.
LaTeX Font Info:    ... okay on input line 65.
LaTeX Font Info:    Checking defaults for T1/cmr/m/n on input line 65.
LaTeX Font Info:    ... okay on input line 65.
LaTeX Font Info:    Checking defaults for OT1/cmr/m/n on input line 65.
LaTeX Font Info:    ... okay on input line 65.
LaTeX Font Info:    Checking defaults for OMS/cmsy/m/n on input line 65.
LaTeX Font Info:    ... okay on input line 65.
LaTeX Font Info:    Checking defaults for OMX/cmex/m/n on input line 65.
LaTeX Font Info:    ... okay on input line 65.
LaTeX Font Info:    Checking defaults for U/mathx/m/n on input line 65.
LaTeX Font Info:    ... okay on input line 65.
LaTeX Font Info:    Checking defaults for TS1/cmr/m/n on input line 65.
LaTeX Font Info:    Try loading font information for TS1+cmr on input line 65.
("C:\Program Files (x86)\MiKTeX 2.9\tex\latex\base\ts1cmr.fd"
File: ts1cmr.fd 1999/05/25 v2.5h Standard LaTeX font definitions
)
LaTeX Font Info:    ... okay on input line 65.
LaTeX Font Info:    Checking defaults for PD1/pdf/m/n on input line 65.
LaTeX Font Info:    ... okay on input line 65.
LaTeX Font Info:    Checking defaults for PU/pdf/m/n on input line 65.
LaTeX Font Info:    ... okay on input line 65.
LaTeX Font Info:    Try loading font information for T1+ppl on input line 65.

("C:\Program Files (x86)\MiKTeX 2.9\tex\latex\psnfss\t1ppl.fd"
File: t1ppl.fd 2001/06/04 font definitions for T1/ppl.
)
LaTeX Info: Redefining \microtypecontext on input line 65.
Package microtype Info: Generating PDF output.
Package microtype Info: Character protrusion enabled (level 2).
Package microtype Info: Using protrusion set `basicmath'.
Package microtype Info: Automatic font expansion enabled (level 2),
(microtype)             stretch: 20, shrink: 20, step: 1, non-selected.
Package microtype Info: Using default expansion set `basictext'.
Package microtype Info: No tracking.
Package microtype Info: No adjustment of interword spacing.
Package microtype Info: No adjustment of character kerning.

(C:\Users\Felienne\AppData\Roaming\MiKTeX\2.9\tex\latex\microtype\mt-ppl.cfg
File: mt-ppl.cfg 2005/11/16 v1.6 microtype config. file: Palatino (RS)
)
*geometry* driver: auto-detecting
*geometry* detected driver: pdftex
*geometry* verbose mode - [ preamble ] result:
* driver: pdftex
* paper: <default>
* layout: <same size as paper>
* layoutoffset:(h,v)=(0.0pt,0.0pt)
* modes: 
* h-part:(L,W,R)=(42.67912pt, 528.93675pt, 42.67912pt)
* v-part:(T,H,B)=(42.67912pt, 709.61174pt, 42.67912pt)
* \paperwidth=614.295pt
* \paperheight=794.96999pt
* \textwidth=528.93675pt
* \textheight=709.61174pt
* \oddsidemargin=-29.59087pt
* \evensidemargin=-29.59087pt
* \topmargin=-66.59087pt
* \headheight=12.0pt
* \headsep=25.0pt
* \topskip=11.0pt
* \footskip=30.0pt
* \marginparwidth=59.0pt
* \marginparsep=10.0pt
* \columnsep=10.0pt
* \skip\footins=10.0pt plus 4.0pt minus 2.0pt
* \hoffset=0.0pt
* \voffset=0.0pt
* \mag=1000
* \@twocolumnfalse
* \@twosidefalse
* \@mparswitchfalse
* \@reversemarginfalse
* (1in=72.27pt=25.4mm, 1cm=28.453pt)

(C:\Users\Felienne\AppData\Roaming\MiKTeX\2.9\tex\context\base\supp-pdf.mkii
[Loading MPS to PDF converter (version 2006.09.02).]
\scratchcounter=\count127
\scratchdimen=\dimen141
\scratchbox=\box32
\nofMPsegments=\count128
\nofMParguments=\count129
\everyMPshowfont=\toks26
\MPscratchCnt=\count130
\MPscratchDim=\dimen142
\MPnumerator=\count131
\makeMPintoPDFobject=\count132
\everyMPtoPDFconversion=\toks27
)
\AtBeginShipoutBox=\box33
 ("C:\Program Files (x86)\MiKTeX 2.9\tex\latex\graphics\color.sty"
Package: color 2005/11/14 v1.0j Standard LaTeX Color (DPC)

("C:\Program Files (x86)\MiKTeX 2.9\tex\latex\00miktex\color.cfg"
File: color.cfg 2007/01/18 v1.5 color configuration of teTeX/TeXLive
)
Package color Info: Driver file: pdftex.def on input line 130.
)
Package hyperref Info: Link coloring ON on input line 65.

("C:\Program Files (x86)\MiKTeX 2.9\tex\latex\hyperref\nameref.sty"
Package: nameref 2010/04/30 v2.40 Cross-referencing by name of section

("C:\Program Files (x86)\MiKTeX 2.9\tex\generic\oberdiek\gettitlestring.sty"
Package: gettitlestring 2010/12/03 v1.4 Cleanup title references (HO)
)
\c@section@level=\count133
)
LaTeX Info: Redefining \ref on input line 65.
LaTeX Info: Redefining \pageref on input line 65.
LaTeX Info: Redefining \nameref on input line 65.
\@outlinefile=\write3
LaTeX Font Info:    Try loading font information for OT1+ppl on input line 67.

("C:\Program Files (x86)\MiKTeX 2.9\tex\latex\psnfss\ot1ppl.fd"
File: ot1ppl.fd 2001/06/04 font definitions for OT1/ppl.
)
LaTeX Font Info:    Try loading font information for OML+zplm on input line 67.


("C:\Program Files (x86)\MiKTeX 2.9\tex\latex\psnfss\omlzplm.fd"
File: omlzplm.fd 2002/09/08 Fontinst v1.914 font definitions for OML/zplm.
)
! Font OML/zplm/m/it/12=zplmr7m at 12.0pt not loadable: Metric (TFM) file not f
ound.
<to be read again> 
                   relax 
l.67 \begin
           {abstract}
? 
LaTeX Font Info:    Try loading font information for OMS+zplm on input line 67.

("C:\Program Files (x86)\MiKTeX 2.9\tex\latex\psnfss\omszplm.fd"
File: omszplm.fd 2002/09/08 Fontinst v1.914 font definitions for OMS/zplm.
)
LaTeX Font Info:    Try loading font information for OMX+zplm on input line 67.


("C:\Program Files (x86)\MiKTeX 2.9\tex\latex\psnfss\omxzplm.fd"
File: omxzplm.fd 2002/09/08 Fontinst v1.914 font definitions for OMX/zplm.
)
LaTeX Font Info:    Try loading font information for OT1+zplm on input line 67.


("C:\Program Files (x86)\MiKTeX 2.9\tex\latex\psnfss\ot1zplm.fd"
File: ot1zplm.fd 2002/09/08 Fontinst v1.914 font definitions for OT1/zplm.
)
LaTeX Font Info:    Font shape `U/msa/m/n' will be
(Font)              scaled to size 12.50409pt on input line 67.

(C:\Users\Felienne\AppData\Roaming\MiKTeX\2.9\tex\latex\microtype\mt-msa.cfg
File: mt-msa.cfg 2006/02/04 v1.1 microtype config. file: AMS symbols (a) (RS)
)
LaTeX Font Info:    Font shape `U/msa/m/n' will be
(Font)              scaled to size 9.37807pt on input line 67.
LaTeX Font Info:    Font shape `U/msa/m/n' will be
(Font)              scaled to size 7.29405pt on input line 67.
LaTeX Font Info:    Font shape `U/msb/m/n' will be
(Font)              scaled to size 12.50409pt on input line 67.

(C:\Users\Felienne\AppData\Roaming\MiKTeX\2.9\tex\latex\microtype\mt-msb.cfg
File: mt-msb.cfg 2005/06/01 v1.0 microtype config. file: AMS symbols (b) (RS)
)
LaTeX Font Info:    Font shape `U/msb/m/n' will be
(Font)              scaled to size 9.37807pt on input line 67.
LaTeX Font Info:    Font shape `U/msb/m/n' will be
(Font)              scaled to size 7.29405pt on input line 67.
LaTeX Font Info:    Font shape `T1/ppl/bx/n' in size <10> not available
(Font)              Font shape `T1/ppl/b/n' tried instead on input line 67.
LaTeX Font Info:    Font shape `T1/ppl/bx/n' in size <14.4> not available
(Font)              Font shape `T1/ppl/b/n' tried instead on input line 80.
LaTeX Font Info:    Try loading font information for TS1+ppl on input line 104.


("C:\Program Files (x86)\MiKTeX 2.9\tex\latex\psnfss\ts1ppl.fd"
File: ts1ppl.fd 2001/06/04 font definitions for TS1/ppl.
) [1

{C:/Users/Felienne/AppData/Local/MiKTeX/2.9/pdftex/config/pdftex.map}]
<images/grades.png, id=12, 732.7375pt x 335.2525pt>
File: images/grades.png Graphic file (type png)
 <use images/grades.png>
Package pdftex.def Info: images/grades.png used on input line 180.
(pdftex.def)             Requested size: 528.96819pt x 242.02106pt.

[2 <C:/Users/Felienne/Dropbox/TU Delft/Papers/2015/LiveSpreadsheets/images/grad
es.png>]
LaTeX Font Info:    Try loading font information for T1+cmtt on input line 198.

 ("C:\Program Files (x86)\MiKTeX 2.9\tex\latex\base\t1cmtt.fd"
File: t1cmtt.fd 1999/05/25 v2.5h Standard LaTeX font definitions
)
LaTeX Font Info:    Font shape `U/msa/m/n' will be
(Font)              scaled to size 11.40997pt on input line 230.
LaTeX Font Info:    Font shape `U/msa/m/n' will be
(Font)              scaled to size 8.33606pt on input line 230.
LaTeX Font Info:    Font shape `U/msa/m/n' will be
(Font)              scaled to size 6.25204pt on input line 230.
LaTeX Font Info:    Font shape `U/msb/m/n' will be
(Font)              scaled to size 11.40997pt on input line 230.
LaTeX Font Info:    Font shape `U/msb/m/n' will be
(Font)              scaled to size 8.33606pt on input line 230.
LaTeX Font Info:    Font shape `U/msb/m/n' will be
(Font)              scaled to size 6.25204pt on input line 230.

[3] [4]

Package longtable Warning: Column widths have changed
(longtable)                in table 1 on input line 409.


Package longtable Warning: Table widths have changed. Rerun LaTeX.

Package atveryend Info: Empty hook `BeforeClearDocument' on input line 413.
[5]
Package atveryend Info: Empty hook `AfterLastShipout' on input line 413.
 ("C:\Users\Felienne\Dropbox\TU Delft\Papers\2015\LiveSpreadsheets\output.aux")
Package atveryend Info: Executing hook `AtVeryEndDocument' on input line 413.
Package atveryend Info: Executing hook `AtEndAfterFileList' on input line 413.


Package rerunfilecheck Warning: File `output.out' has changed.
(rerunfilecheck)                Rerun to get outlines right
(rerunfilecheck)                or use package `bookmark'.

Package rerunfilecheck Info: Checksums for `output.out':
(rerunfilecheck)             Before: <no file>
(rerunfilecheck)             After:  272AC428E093453F52923EB48E7956D5;816.

LaTeX Warning: Label(s) may have changed. Rerun to get cross-references right.

 ) 
Here is how much of TeX's memory you used:
 10454 strings out of 494045
 148747 string characters out of 3145960
 248719 words of memory out of 3000000
 13391 multiletter control sequences out of 15000+200000
 46217 words of font info for 205 fonts, out of 3000000 for 9000
 715 hyphenation exceptions out of 8191
 31i,6n,35p,231b,399s stack positions out of 5000i,500n,10000p,200000b,50000s
 <C:\Users\Felienne\AppData\Local\MiKTeX\2.9\fonts\pk\ljfour\public\mathabx\d
pi600\matha8.pk> <C:\Users\Felienne\AppData\Local\MiKTeX\2.9\fonts\pk\ljfour\pu
blic\mathabx\dpi657\matha10.pk> <C:\Users\Felienne\AppData\Local\MiKTeX\2.9\fon
ts\pk\ljfour\jknappen\ec\dpi600\ectt1095.pk>{C:/Program Files (x86)/MiKTeX 2.9/
fonts/enc/dvips/fontname/8r.enc}<C:/Program Files (x86)/MiKTeX 2.9/fonts/type1/
urw/palatino/uplb8a.pfb><C:/Program Files (x86)/MiKTeX 2.9/fonts/type1/urw/pala
tino/uplr8a.pfb><C:/Program Files (x86)/MiKTeX 2.9/fonts/type1/urw/palatino/upl
ri8a.pfb>
Output written on output.pdf (5 pages, 158787 bytes).
PDF statistics:
 105 PDF objects out of 1000 (max. 8388607)
 14 named destinations out of 1000 (max. 500000)
 22534 words of extra memory for PDF output out of 24883 (max. 10000000)

